Tue Feb 13 13:34:24 CET 2018 : Apache Derby Network Server - 10.11.1.2 - (1629631) démarré et prêt à accepter les connexions sur le port 1527
----------------------------------------------------------------
Tue Feb 13 13:34:24 CET 2018:
Amorçage de Derby version The Apache Software Foundation - Apache Derby - 10.11.1.2 - (1629631) : instance a816c00e-0161-8f28-b0c6-ffffaa2030c8 
dans le répertoire de base de données C:\Users\Sébastien\Desktop\git_seance2\ig2i-le4-poo-2018-seance2\hopital\bdd\hopital avec le chargeur de classe sun.misc.Launcher$AppClassLoader@6f94fa3e
Chargé de file:/C:/Program%20Files/Java/jdk1.8.0_111/db/lib/derby.jar
java.vendor=Oracle Corporation
java.runtime.version=1.8.0_111-b14
user.dir=C:\Program Files\Java\jdk1.8.0_111\db
os.name=Windows 10
os.arch=amd64
os.version=10.0
derby.system.home=C:\Users\Sébastien\Desktop\git_seance2\ig2i-le4-poo-2018-seance2\hopital\bdd
Chargeur de classe de la base de données démarré - derby.database.classpath = ''
----------------------------------------------------------------
Tue Feb 13 13:34:32 CET 2018:
Fermeture de l'instance a816c00e-0161-8f28-b0c6-ffffaa2030c8 sur le répertoire de base de données C:\Users\Sébastien\Desktop\git_seance2\ig2i-le4-poo-2018-seance2\hopital\bdd\hopital avec le chargeur de classe sun.misc.Launcher$AppClassLoader@6f94fa3e 
Tue Feb 13 13:34:32 CET 2018 Thread[DRDAConnThread_2,5,main] (DATABASE = hopital), (DRDAID = {2}), Arrêt de la base de données 'hopital'.
----------------------------------------------------------------
Tue Feb 13 13:34:35 CET 2018:
Amorçage de Derby version The Apache Software Foundation - Apache Derby - 10.11.1.2 - (1629631) : instance a65c80ac-0161-8f28-b0c6-ffffaa2030c8 
dans le répertoire de base de données C:\Users\Sébastien\Desktop\git_seance2\ig2i-le4-poo-2018-seance2\hopital\bdd\hopital avec le chargeur de classe sun.misc.Launcher$AppClassLoader@6f94fa3e
Chargé de file:/C:/Program%20Files/Java/jdk1.8.0_111/db/lib/derby.jar
java.vendor=Oracle Corporation
java.runtime.version=1.8.0_111-b14
user.dir=C:\Program Files\Java\jdk1.8.0_111\db
os.name=Windows 10
os.arch=amd64
os.version=10.0
derby.system.home=C:\Users\Sébastien\Desktop\git_seance2\ig2i-le4-poo-2018-seance2\hopital\bdd
Chargeur de classe de la base de données démarré - derby.database.classpath = ''
